<?xml version="1.0" encoding="UTF-8"?>
<testng-results skipped="0" failed="0" ignored="0" total="1" passed="1">
  <reporter-output>
  </reporter-output>
  <suite name="Default suite" duration-ms="96" started-at="2021-12-06T20:48:21 IST" finished-at="2021-12-06T20:48:21 IST">
    <groups>
    </groups>
    <test name="Default test" duration-ms="96" started-at="2021-12-06T20:48:21 IST" finished-at="2021-12-06T20:48:21 IST">
      <class name="com.JsonParser.Json_Parser">
        <test-method status="PASS" signature="read_File()[pri:0, instance:com.JsonParser.Json_Parser@4d3167f4]" name="read_File" duration-ms="31" started-at="2021-12-06T20:48:21 IST" finished-at="2021-12-06T20:48:21 IST">
          <reporter-output>
          </reporter-output>
        </test-method> <!-- read_File -->
      </class> <!-- com.JsonParser.Json_Parser -->
    </test> <!-- Default test -->
  </suite> <!-- Default suite -->
</testng-results>
